<?xml version="1.0" encoding="UTF-8"?>
<testsuite xmlns:xsi="http://www.w3.org/2001/XMLSchema-instance" xsi:noNamespaceSchemaLocation="https://maven.apache.org/surefire/maven-surefire-plugin/xsd/surefire-test-report.xsd" name="TestSuite" time="12.317" tests="11" errors="0" skipped="0" failures="0">
  <properties>
[...]
</properties>
  <testcase name="createNewUserExistingDetailsNegativeTest" classname="ApiTest" time="1.842"/>
  <testcase name="createNewUserTest" classname="ApiTest" time="0.141"/>
  <testcase name="deleteBooksTest" classname="ApiTest" time="0.34"/>
  <testcase name="deleteUserNoAuthNegativeTest" classname="ApiTest" time="0.159"/>
  <testcase name="getBookInvalidIsbnNegativeTest" classname="ApiTest" time="0.156"/>
  <testcase name="getUsersBooksTest" classname="ApiTest" time="0.125"/>
  <testcase name="runScenario" classname="DemoAppTest" time="3.927"/>
  <testcase name="runScenario" classname="DemoAppTest" time="4.03"/>
  <testcase name="runScenario" classname="DemoAppTest" time="4.737"/>
  <testcase name="runScenario" classname="DemoAppTest" time="5.762"/>
  <testcase name="runScenario" classname="DemoAppTest" time="8.67"/>
</testsuite>