<?xml version="1.0" encoding="UTF-8"?>
<!-- Generated by org.testng.reporters.JUnitXMLReporter -->
<testsuite hostname="R910GJ2M" failures="0" tests="6" name="UiAutomationTestProject" time="2.776" errors="0" timestamp="10 Mar 2021 08:44:11 GMT">
  <testcase classname="ApiTest" name="createNewUserExistingDetailsNegativeTest" time="2.073"/>
  <testcase classname="ApiTest" name="createNewUserTest" time="0.111"/>
  <testcase classname="ApiTest" name="deleteBooksTest" time="0.26"/>
  <testcase classname="ApiTest" name="deleteUserNoAuthNegativeTest" time="0.094"/>
  <testcase classname="ApiTest" name="getBookInvalidIsbnNegativeTest" time="0.111"/>
  <testcase classname="ApiTest" name="getUsersBooksTest" time="0.119"/>
</testsuite> <!-- UiAutomationTestProject -->
